Using pre-set license
Built from '2020.3/staging' branch; Version is '2020.3.9f1 (108be757e447) revision 1084391'; Using compiler version '192528614'; Build Type 'Release'
OS: 'Windows 10 Home; OS build 19041.985; Version 2004; 64bit' Language: 'es' Physical Memory: 16334 MB
BatchMode: 1, IsHumanControllingUs: 0, StartBugReporterOnCrash: 0, Is64bit: 1, IsPro: 0

 COMMAND LINE ARGUMENTS:
C:\Program Files\Unity\Hub\Editor\2020.3.9f1\Editor\Unity.exe
-adb2
-batchMode
-noUpm
-name
AssetImportWorker0
-projectPath
C:/Users/sorak/Documents/GitHub/3d-worldgenerator-spheric/3d world generation
-logFile
Logs/AssetImportWorker0.log
-srvPort
55373
Successfully changed project path to: C:/Users/sorak/Documents/GitHub/3d-worldgenerator-spheric/3d world generation
C:/Users/sorak/Documents/GitHub/3d-worldgenerator-spheric/3d world generation
Using Asset Import Pipeline V2.
Refreshing native plugins compatible for Editor in 24.62 ms, found 0 plugins.
Preloading 0 native plugins for Editor in 0.00 ms.
Initialize engine version: 2020.3.9f1 (108be757e447)
[Subsystems] Discovering subsystems at path C:/Program Files/Unity/Hub/Editor/2020.3.9f1/Editor/Data/Resources/UnitySubsystems
[Subsystems] Discovering subsystems at path C:/Users/sorak/Documents/GitHub/3d-worldgenerator-spheric/3d world generation/Assets
GfxDevice: creating device client; threaded=0
Direct3D:
    Version:  Direct3D 11.0 [level 11.1]
    Renderer: NVIDIA GeForce GTX 1660 Ti (ID=0x2182)
    Vendor:   
    VRAM:     5991 MB
    Driver:   27.21.14.6611
Initialize mono
Mono path[0] = 'C:/Program Files/Unity/Hub/Editor/2020.3.9f1/Editor/Data/Managed'
Mono path[1] = 'C:/Program Files/Unity/Hub/Editor/2020.3.9f1/Editor/Data/MonoBleedingEdge/lib/mono/unityjit'
Mono config path = 'C:/Program Files/Unity/Hub/Editor/2020.3.9f1/Editor/Data/MonoBleedingEdge/etc'
Using monoOptions --debugger-agent=transport=dt_socket,embedding=1,server=y,suspend=n,address=127.0.0.1:56548
Begin MonoManager ReloadAssembly
Registering precompiled unity dll's ...
Register platform support module: C:/Program Files/Unity/Hub/Editor/2020.3.9f1/Editor/Data/PlaybackEngines/WindowsStandaloneSupport/UnityEditor.WindowsStandalone.Extensions.dll
Registered in 0.002178 seconds.
Native extension for WindowsStandalone target not found
Refreshing native plugins compatible for Editor in 28.63 ms, found 0 plugins.
Preloading 0 native plugins for Editor in 0.00 ms.
Mono: successfully reloaded assembly
- Completed reload, in  1.172 seconds
Platform modules already initialized, skipping
Registering precompiled user dll's ...
Registered in 0.000907 seconds.
Begin MonoManager ReloadAssembly
Native extension for WindowsStandalone target not found
Refreshing native plugins compatible for Editor in 0.23 ms, found 0 plugins.
Preloading 0 native plugins for Editor in 0.00 ms.
Mono: successfully reloaded assembly
- Completed reload, in  0.987 seconds
Platform modules already initialized, skipping
========================================================================
Worker process is ready to serve import requests
Launched and connected shader compiler UnityShaderCompiler.exe after 0.12 seconds
Refreshing native plugins compatible for Editor in 0.27 ms, found 0 plugins.
Preloading 0 native plugins for Editor in 0.00 ms.
Unloading 1115 Unused Serialized files (Serialized files now loaded: 0)
System memory in use before: 57.5 MB.
System memory in use after: 57.6 MB.

Unloading 10 unused Assets to reduce memory usage. Loaded Objects now: 1557.
Total: 1.773800 ms (FindLiveObjects: 0.112800 ms CreateObjectMapping: 0.031900 ms MarkObjects: 1.522200 ms  DeleteObjects: 0.106000 ms)

========================================================================
Received Import Request.
  path: Assets
  artifactKey: Guid(00000000000000001000000000000000) Importer(815301076,1909f56bfc062723c751e8b465ee728b)
Start importing Assets using Guid(00000000000000001000000000000000) Importer(815301076,1909f56bfc062723c751e8b465ee728b)  -> (artifact id: '42d402b061de3733987d63b9cc3b64de') in 0.008284 seconds
  Import took 0.010075 seconds .

========================================================================
Received Import Request.
  Time since last request: 1.112326 seconds.
  path: Assets/Scripts
  artifactKey: Guid(23aa6155c69ed2745b1345a82bec1f69) Importer(815301076,1909f56bfc062723c751e8b465ee728b)
Start importing Assets/Scripts using Guid(23aa6155c69ed2745b1345a82bec1f69) Importer(815301076,1909f56bfc062723c751e8b465ee728b)  -> (artifact id: '223efa44a7c6d0a45ceaa59e541c9eba') in 12.600587 seconds
  Import took 12.602419 seconds .

========================================================================
Received Import Request.
  Time since last request: 4.159265 seconds.
  path: Assets/Prefabs
  artifactKey: Guid(52b2f7fcf6ba9f24284bcce3bd882ebb) Importer(815301076,1909f56bfc062723c751e8b465ee728b)
Start importing Assets/Prefabs using Guid(52b2f7fcf6ba9f24284bcce3bd882ebb) Importer(815301076,1909f56bfc062723c751e8b465ee728b)  -> (artifact id: 'd00cf42449c8fd7daba54bd2f83ff75d') in 0.008301 seconds
  Import took 0.010401 seconds .

========================================================================
Received Import Request.
  Time since last request: 6.544158 seconds.
  path: Assets/Materials
  artifactKey: Guid(323b0810099377a478f66b6060d9ce98) Importer(815301076,1909f56bfc062723c751e8b465ee728b)
Start importing Assets/Materials using Guid(323b0810099377a478f66b6060d9ce98) Importer(815301076,1909f56bfc062723c751e8b465ee728b)  -> (artifact id: '6408b536b8fda579e78d018eff53c16f') in 0.011578 seconds
  Import took 0.013751 seconds .

========================================================================
Received Import Request.
  Time since last request: 5.139754 seconds.
  path: Assets/Audio
  artifactKey: Guid(83b4a5b72737a5044b735517a52c3a19) Importer(815301076,1909f56bfc062723c751e8b465ee728b)
Start importing Assets/Audio using Guid(83b4a5b72737a5044b735517a52c3a19) Importer(815301076,1909f56bfc062723c751e8b465ee728b)  -> (artifact id: 'd462cd996593ced189110f331ab877f5') in 13.952019 seconds
  Import took 13.953846 seconds .

========================================================================
Received Import Request.
  Time since last request: 141.252236 seconds.
  path: Assets/Scripts/Main.cs
  artifactKey: Guid(95b4a9df426a27349a099fab0ca05a04) Importer(815301076,1909f56bfc062723c751e8b465ee728b)
Start importing Assets/Scripts/Main.cs using Guid(95b4a9df426a27349a099fab0ca05a04) Importer(815301076,1909f56bfc062723c751e8b465ee728b)  -> (artifact id: '7098881a75640392ae6f6622b6a120b2') in 4.052903 seconds
  Import took 4.055675 seconds .

========================================================================
Received Prepare
Registering precompiled user dll's ...
Registered in 0.000694 seconds.
Begin MonoManager ReloadAssembly
Native extension for WindowsStandalone target not found
Refreshing native plugins compatible for Editor in 0.22 ms, found 0 plugins.
Preloading 0 native plugins for Editor in 0.00 ms.
Mono: successfully reloaded assembly
- Completed reload, in  1.028 seconds
Platform modules already initialized, skipping
Refreshing native plugins compatible for Editor in 0.21 ms, found 0 plugins.
Preloading 0 native plugins for Editor in 0.00 ms.
Unloading 1111 Unused Serialized files (Serialized files now loaded: 0)
System memory in use before: 57.5 MB.
System memory in use after: 57.5 MB.

Unloading 5 unused Assets to reduce memory usage. Loaded Objects now: 1561.
Total: 1.712500 ms (FindLiveObjects: 0.125800 ms CreateObjectMapping: 0.067800 ms MarkObjects: 1.443700 ms  DeleteObjects: 0.074200 ms)

========================================================================
Received Prepare
Registering precompiled user dll's ...
Registered in 0.001354 seconds.
Begin MonoManager ReloadAssembly
Native extension for WindowsStandalone target not found
Refreshing native plugins compatible for Editor in 0.21 ms, found 0 plugins.
Preloading 0 native plugins for Editor in 0.00 ms.
Mono: successfully reloaded assembly
- Completed reload, in  0.811 seconds
Platform modules already initialized, skipping
Refreshing native plugins compatible for Editor in 0.20 ms, found 0 plugins.
Preloading 0 native plugins for Editor in 0.00 ms.
Unloading 1112 Unused Serialized files (Serialized files now loaded: 0)
System memory in use before: 57.5 MB.
System memory in use after: 57.6 MB.

Unloading 5 unused Assets to reduce memory usage. Loaded Objects now: 1565.
Total: 1.741900 ms (FindLiveObjects: 0.109400 ms CreateObjectMapping: 0.029500 ms MarkObjects: 1.507300 ms  DeleteObjects: 0.094700 ms)

========================================================================
Received Import Request.
  Time since last request: 529.913024 seconds.
  path: Assets/Scripts/Main.cs
  artifactKey: Guid(95b4a9df426a27349a099fab0ca05a04) Importer(815301076,1909f56bfc062723c751e8b465ee728b)
Start importing Assets/Scripts/Main.cs using Guid(95b4a9df426a27349a099fab0ca05a04) Importer(815301076,1909f56bfc062723c751e8b465ee728b)  -> (artifact id: '324e77ff2cd13d427b9063b797f9de75') in 0.007354 seconds
  Import took 0.008991 seconds .

========================================================================
Received Import Request.
  Time since last request: 6.702442 seconds.
  path: Assets/Scripts/Grid.cs
  artifactKey: Guid(52978496a2d676b4c855300074dc6da2) Importer(815301076,1909f56bfc062723c751e8b465ee728b)
Start importing Assets/Scripts/Grid.cs using Guid(52978496a2d676b4c855300074dc6da2) Importer(815301076,1909f56bfc062723c751e8b465ee728b)  -> (artifact id: '0548d76edb5e006ea80d85c3c2e08d4d') in 0.009970 seconds
  Import took 0.012674 seconds .

========================================================================
Received Import Request.
  Time since last request: 0.001338 seconds.
  path: Assets/Scripts/Grid.cs
  artifactKey: Guid(52978496a2d676b4c855300074dc6da2) Importer(815301076,1909f56bfc062723c751e8b465ee728b)
Start importing Assets/Scripts/Grid.cs using Guid(52978496a2d676b4c855300074dc6da2) Importer(815301076,1909f56bfc062723c751e8b465ee728b)  -> (artifact id: '0548d76edb5e006ea80d85c3c2e08d4d') in 0.007769 seconds
  Import took 0.010042 seconds .

========================================================================
Received Import Request.
  Time since last request: 5.743314 seconds.
  path: Assets/Scripts/GridPlane.cs
  artifactKey: Guid(52978496a2d676b4c855300074dc6da2) Importer(815301076,1909f56bfc062723c751e8b465ee728b)
Start importing Assets/Scripts/GridPlane.cs using Guid(52978496a2d676b4c855300074dc6da2) Importer(815301076,1909f56bfc062723c751e8b465ee728b)  -> (artifact id: '7f4764e70c5dbccbfa1cc3e0ec2502fc') in 0.016695 seconds
  Import took 0.020030 seconds .

========================================================================
Received Prepare
Registering precompiled user dll's ...
Registered in 0.000723 seconds.
Begin MonoManager ReloadAssembly
Native extension for WindowsStandalone target not found
Refreshing native plugins compatible for Editor in 0.23 ms, found 0 plugins.
Preloading 0 native plugins for Editor in 0.00 ms.
Mono: successfully reloaded assembly
- Completed reload, in  0.785 seconds
Platform modules already initialized, skipping
Refreshing native plugins compatible for Editor in 0.20 ms, found 0 plugins.
Preloading 0 native plugins for Editor in 0.00 ms.
Unloading 1112 Unused Serialized files (Serialized files now loaded: 0)
System memory in use before: 57.5 MB.
System memory in use after: 57.6 MB.

Unloading 5 unused Assets to reduce memory usage. Loaded Objects now: 1568.
Total: 1.681800 ms (FindLiveObjects: 0.114900 ms CreateObjectMapping: 0.030700 ms MarkObjects: 1.480500 ms  DeleteObjects: 0.054700 ms)

========================================================================
Received Prepare
Registering precompiled user dll's ...
Registered in 0.001481 seconds.
Begin MonoManager ReloadAssembly
Native extension for WindowsStandalone target not found
Refreshing native plugins compatible for Editor in 0.20 ms, found 0 plugins.
Preloading 0 native plugins for Editor in 0.00 ms.
Mono: successfully reloaded assembly
- Completed reload, in  0.797 seconds
Platform modules already initialized, skipping
Refreshing native plugins compatible for Editor in 0.23 ms, found 0 plugins.
Preloading 0 native plugins for Editor in 0.00 ms.
Unloading 1112 Unused Serialized files (Serialized files now loaded: 0)
System memory in use before: 57.5 MB.
System memory in use after: 57.6 MB.

Unloading 5 unused Assets to reduce memory usage. Loaded Objects now: 1571.
Total: 1.632300 ms (FindLiveObjects: 0.112700 ms CreateObjectMapping: 0.031700 ms MarkObjects: 1.406300 ms  DeleteObjects: 0.081000 ms)

========================================================================
Received Import Request.
  Time since last request: 174.318070 seconds.
  path: Assets/Scripts/GridPlane.cs
  artifactKey: Guid(52978496a2d676b4c855300074dc6da2) Importer(815301076,1909f56bfc062723c751e8b465ee728b)
Start importing Assets/Scripts/GridPlane.cs using Guid(52978496a2d676b4c855300074dc6da2) Importer(815301076,1909f56bfc062723c751e8b465ee728b)  -> (artifact id: '570f7a4d78f909fcea0a3d13318c802a') in 0.007452 seconds
  Import took 0.009114 seconds .

========================================================================
Received Prepare
Registering precompiled user dll's ...
Registered in 0.000868 seconds.
Begin MonoManager ReloadAssembly
Native extension for WindowsStandalone target not found
Refreshing native plugins compatible for Editor in 0.20 ms, found 0 plugins.
Preloading 0 native plugins for Editor in 0.00 ms.
Mono: successfully reloaded assembly
- Completed reload, in  0.789 seconds
Platform modules already initialized, skipping
Refreshing native plugins compatible for Editor in 0.27 ms, found 0 plugins.
Preloading 0 native plugins for Editor in 0.00 ms.
Unloading 1112 Unused Serialized files (Serialized files now loaded: 0)
System memory in use before: 57.5 MB.
System memory in use after: 57.6 MB.

Unloading 5 unused Assets to reduce memory usage. Loaded Objects now: 1574.
Total: 1.689400 ms (FindLiveObjects: 0.108600 ms CreateObjectMapping: 0.029600 ms MarkObjects: 1.459000 ms  DeleteObjects: 0.091300 ms)

========================================================================
Received Import Request.
  Time since last request: 984.481273 seconds.
  path: Assets/Scripts/GridPlane.cs
  artifactKey: Guid(52978496a2d676b4c855300074dc6da2) Importer(815301076,1909f56bfc062723c751e8b465ee728b)
Start importing Assets/Scripts/GridPlane.cs using Guid(52978496a2d676b4c855300074dc6da2) Importer(815301076,1909f56bfc062723c751e8b465ee728b)  -> (artifact id: '3ae7245ad1aba990c24d9a34f946aaaa') in 0.009864 seconds
  Import took 0.012292 seconds .

AssetImportWorkerClient::OnTransportError - code=2 error=End of file
